2010-08-07 19:57:12 Notice: Notice (1024): Please change the value of 'Security.salt' in app/config/core.php to a salt value specific to your application in [/home/jamund/touchenabledweb.com/cake/libs/debugger.php, line 684]
2010-08-07 19:57:12 Notice: Notice (1024): Please change the value of 'Security.cipherSeed' in app/config/core.php to a numeric (digits only) seed value specific to your application in [/home/jamund/touchenabledweb.com/cake/libs/debugger.php, line 688]
2010-08-07 19:58:14 Notice: Notice (1024): Please change the value of 'Security.cipherSeed' in app/config/core.php to a numeric (digits only) seed value specific to your application in [/home/jamund/touchenabledweb.com/cake/libs/debugger.php, line 688]
2010-10-06 18:55:23 Notice: Notice (8): Undefined property: GamesController::$GameTime in [/home/jamund/touchenabledweb.com/app/controllers/games_controller.php, line 25]
2010-10-06 19:28:49 Notice: Notice (8): Undefined index:  created in [/home/jamund/touchenabledweb.com/app/models/game.php, line 17]
2010-10-07 10:03:55 Notice: Notice (8): Undefined property: GamesController::$GameTime in [/home/jamund/touchenabledweb.com/app/controllers/games_controller.php, line 10]
2010-10-07 10:04:03 Notice: Notice (8): Undefined index:  game_id in [/home/jamund/touchenabledweb.com/app/controllers/games_controller.php, line 11]
2010-10-07 10:04:19 Notice: Notice (8): Undefined index:  game_id in [/home/jamund/touchenabledweb.com/app/controllers/games_controller.php, line 11]
2010-10-07 10:04:39 Notice: Notice (8): Undefined index:  game_id in [/home/jamund/touchenabledweb.com/app/controllers/games_controller.php, line 11]
2010-10-07 10:51:41 Notice: Notice (8): Undefined index:  xs in [/home/jamund/touchenabledweb.com/app/controllers/games_controller.php, line 10]
2010-10-07 10:51:41 Notice: Notice (8): Undefined index:  xs in [/home/jamund/touchenabledweb.com/app/controllers/games_controller.php, line 11]
2010-10-07 10:51:41 Notice: Notice (8): Undefined offset:  0 in [/home/jamund/touchenabledweb.com/app/controllers/games_controller.php, line 21]
2010-10-07 10:52:24 Notice: Notice (8): Undefined index:  xs in [/home/jamund/touchenabledweb.com/app/controllers/games_controller.php, line 10]
2010-10-07 10:52:24 Notice: Notice (8): Undefined index:  xs in [/home/jamund/touchenabledweb.com/app/controllers/games_controller.php, line 11]
2010-10-07 10:52:26 Notice: Notice (8): Undefined index:  xs in [/home/jamund/touchenabledweb.com/app/controllers/games_controller.php, line 10]
2010-10-07 10:52:26 Notice: Notice (8): Undefined index:  xs in [/home/jamund/touchenabledweb.com/app/controllers/games_controller.php, line 11]
2010-10-07 10:53:02 Notice: Notice (8): Undefined index:  xs in [/home/jamund/touchenabledweb.com/app/controllers/games_controller.php, line 10]
2010-10-07 10:53:02 Notice: Notice (8): Undefined index:  xs in [/home/jamund/touchenabledweb.com/app/controllers/games_controller.php, line 11]
2010-10-07 10:53:46 Notice: Notice (8): Undefined index:  xs in [/home/jamund/touchenabledweb.com/app/controllers/games_controller.php, line 10]
2010-10-07 10:54:08 Notice: Notice (8): Undefined variable: success in [/home/jamund/touchenabledweb.com/app/views/games/json/add.ctp, line 1]
2010-10-07 10:54:08 Notice: Notice (8): Undefined variable: gameID in [/home/jamund/touchenabledweb.com/app/views/games/json/add.ctp, line 1]
2010-10-07 10:54:28 Notice: Notice (8): Undefined variable: success in [/home/jamund/touchenabledweb.com/app/views/games/json/add.ctp, line 1]
2010-10-07 10:54:28 Notice: Notice (8): Undefined variable: gameID in [/home/jamund/touchenabledweb.com/app/views/games/json/add.ctp, line 1]
2010-10-07 11:23:22 Notice: Notice (8): Undefined index:  game_id in [/home/jamund/touchenabledweb.com/app/controllers/games_controller.php, line 15]
2010-10-07 11:23:22 Notice: Notice (8): Undefined index:  game_id in [/home/jamund/touchenabledweb.com/app/controllers/games_controller.php, line 21]
2010-10-07 11:23:55 Notice: Notice (8): Undefined index:  game_id in [/home/jamund/touchenabledweb.com/app/controllers/games_controller.php, line 15]
2010-10-07 11:23:56 Notice: Notice (8): Undefined index:  game_id in [/home/jamund/touchenabledweb.com/app/controllers/games_controller.php, line 21]
2010-10-22 20:28:19 Notice: Notice (8): Undefined variable: gameID in [/home/jamund/touchenabledweb.com/app/views/games/json/new.ctp, line 1]
